<?xml version="1.0" encoding="utf-8" standalone="no"?>
<!--This file represents the results of running a test suite-->
<test-results name="C:\Users\patrio\Documents\Visual Studio 2008\Projects\Bonuses\Bonuses\Bonuses\Bonuses.csproj" total="8" errors="0" failures="4" not-run="0" inconclusive="0" ignored="0" skipped="0" invalid="0" date="2014-12-22" time="12:49:45">
  <environment nunit-version="2.6.4.14350" clr-version="2.0.50727.5485" os-version="Microsoft Windows NT 6.1.7601 Service Pack 1" platform="Win32NT" cwd="C:\Users\patrio\Documents\Visual Studio 2008\Projects\Bonuses\Bonuses\Bonuses" machine-name="PATRIO-PC" user="patrio" user-domain="patrio-PC" />
  <culture-info current-culture="en-US" current-uiculture="en-US" />
  <test-suite type="Project" name="C:\Users\patrio\Documents\Visual Studio 2008\Projects\Bonuses\Bonuses\Bonuses\Bonuses.csproj" executed="True" result="Failure" success="False" time="0.187" asserts="0">
    <results>
      <test-suite type="Assembly" name="C:\Users\patrio\Documents\Visual Studio 2008\Projects\Bonuses\Bonuses\Bonuses\bin\Debug\Bonuses.exe" executed="True" result="Failure" success="False" time="0.184" asserts="0">
        <results>
          <test-suite type="Namespace" name="Bonuses" executed="True" result="Failure" success="False" time="0.184" asserts="0">
            <results>
              <test-suite type="TestFixture" name="Program+CategoryTest" executed="True" result="Failure" success="False" time="0.126" asserts="0">
                <results>
                  <test-case name="Bonuses.Program+CategoryTest.addBonusNegativeValuesTest" executed="True" result="Failure" success="False" time="0.018" asserts="0">
                    <failure>
                      <message><![CDATA[System.ApplicationException was expected]]></message>
                      <stack-trace />
                    </failure>
                  </test-case>
                  <test-case name="Bonuses.Program+CategoryTest.AddBonusTest" executed="True" result="Success" success="True" time="0.001" asserts="0" />
                  <test-case name="Bonuses.Program+CategoryTest.addBonusZeroValuesTest" executed="True" result="Failure" success="False" time="0.000" asserts="0">
                    <failure>
                      <message><![CDATA[System.ApplicationException was expected]]></message>
                      <stack-trace />
                    </failure>
                  </test-case>
                  <test-case name="Bonuses.Program+CategoryTest.findBonusLevelNegativeValueTest" executed="True" result="Failure" success="False" time="0.001" asserts="0">
                    <failure>
                      <message><![CDATA[System.ApplicationException was expected]]></message>
                      <stack-trace />
                    </failure>
                  </test-case>
                  <test-case name="Bonuses.Program+CategoryTest.findBonusLevelTest" executed="True" result="Failure" success="False" time="0.026" asserts="1">
                    <failure>
                      <message><![CDATA[  Expected: 0.02d +/- 0.00010000000000000001d
  But was:  0.0d
]]></message>
                      <stack-trace><![CDATA[at Bonuses.Program.CategoryTest.findBonusLevelTest() in C:\Users\patrio\Documents\Visual Studio 2008\Projects\Bonuses\Bonuses\Bonuses\Program.cs:line 398
]]></stack-trace>
                    </failure>
                  </test-case>
                  <test-case name="Bonuses.Program+CategoryTest.findBonusLevelZeroValueTest" executed="True" result="Success" success="True" time="0.001" asserts="1" />
                </results>
              </test-suite>
              <test-suite type="TestFixture" name="Program+OrderTest" executed="True" result="Success" success="True" time="0.048" asserts="0">
                <results>
                  <test-case name="Bonuses.Program+OrderTest.calculateBonusNullProperties" executed="True" result="Success" success="True" time="0.023" asserts="0" />
                  <test-case name="Bonuses.Program+OrderTest.calulateBonusTest" executed="True" result="Success" success="True" time="0.002" asserts="1" />
                </results>
              </test-suite>
            </results>
          </test-suite>
        </results>
      </test-suite>
    </results>
  </test-suite>
</test-results>